ERROR:__main__:2022-11-24 15:20:20,414:unsupported operand type(s) for -: 'float' and 'NoneType'
Traceback (most recent call last):
  File "D:\Synced folder 2\tradex_opinionTrading\codes_2\main_strategy_run.py", line 114, in <module>
    strat_obj_dict[i].initialise()
  File "D:\Synced folder 2\tradex_opinionTrading\codes_2\strat7.py", line 493, in initialise
    self._get_situation()
  File "D:\Synced folder 2\tradex_opinionTrading\codes_2\strat7.py", line 266, in _get_situation
    diff_fair_best_y = self.yes_fair_price - self.priceatri.yes_best_price
TypeError: unsupported operand type(s) for -: 'float' and 'NoneType'
ERROR:__main__:2022-11-24 15:20:24,082:unsupported operand type(s) for -: 'float' and 'NoneType'
Traceback (most recent call last):
  File "D:\Synced folder 2\tradex_opinionTrading\codes_2\main_strategy_run.py", line 114, in <module>
    strat_obj_dict[i].initialise()
  File "D:\Synced folder 2\tradex_opinionTrading\codes_2\strat7.py", line 493, in initialise
    self._get_situation()
  File "D:\Synced folder 2\tradex_opinionTrading\codes_2\strat7.py", line 267, in _get_situation
    diff_fair_best_n = (99 - self.yes_fair_price) - self.priceatri.no_best_price
TypeError: unsupported operand type(s) for -: 'float' and 'NoneType'
ERROR:__main__:2022-11-24 15:20:28,050:unsupported operand type(s) for -: 'float' and 'NoneType'
Traceback (most recent call last):
  File "D:\Synced folder 2\tradex_opinionTrading\codes_2\main_strategy_run.py", line 114, in <module>
    strat_obj_dict[i].initialise()
  File "D:\Synced folder 2\tradex_opinionTrading\codes_2\strat7.py", line 493, in initialise
    self._get_situation()
  File "D:\Synced folder 2\tradex_opinionTrading\codes_2\strat7.py", line 266, in _get_situation
    diff_fair_best_y = self.yes_fair_price - self.priceatri.yes_best_price
TypeError: unsupported operand type(s) for -: 'float' and 'NoneType'
ERROR:__main__:2022-11-24 15:28:24,835:unsupported operand type(s) for -: 'float' and 'NoneType'
Traceback (most recent call last):
  File "D:\Synced folder 2\tradex_opinionTrading\codes_2\main_strategy_run.py", line 114, in <module>
    strat_obj_dict[i].initialise()
  File "D:\Synced folder 2\tradex_opinionTrading\codes_2\strat7.py", line 493, in initialise
    self._get_situation()
  File "D:\Synced folder 2\tradex_opinionTrading\codes_2\strat7.py", line 266, in _get_situation
    diff_fair_best_y = self.yes_fair_price - self.priceatri.yes_best_price
TypeError: unsupported operand type(s) for -: 'float' and 'NoneType'
ERROR:__main__:2022-11-24 15:29:03,655:unsupported operand type(s) for -: 'float' and 'NoneType'
Traceback (most recent call last):
  File "D:\Synced folder 2\tradex_opinionTrading\codes_2\main_strategy_run.py", line 114, in <module>
    strat_obj_dict[i].initialise()
  File "D:\Synced folder 2\tradex_opinionTrading\codes_2\strat7.py", line 493, in initialise
    self._get_situation()
  File "D:\Synced folder 2\tradex_opinionTrading\codes_2\strat7.py", line 266, in _get_situation
    diff_fair_best_y = self.yes_fair_price - self.priceatri.yes_best_price
TypeError: unsupported operand type(s) for -: 'float' and 'NoneType'
ERROR:__main__:2022-11-24 15:29:42,463:unsupported operand type(s) for -: 'float' and 'NoneType'
Traceback (most recent call last):
  File "D:\Synced folder 2\tradex_opinionTrading\codes_2\main_strategy_run.py", line 114, in <module>
    strat_obj_dict[i].initialise()
  File "D:\Synced folder 2\tradex_opinionTrading\codes_2\strat7.py", line 493, in initialise
    self._get_situation()
  File "D:\Synced folder 2\tradex_opinionTrading\codes_2\strat7.py", line 267, in _get_situation
    diff_fair_best_n = (99 - self.yes_fair_price) - self.priceatri.no_best_price
TypeError: unsupported operand type(s) for -: 'float' and 'NoneType'
ERROR:__main__:2022-11-24 15:30:21,137:unsupported operand type(s) for -: 'float' and 'NoneType'
Traceback (most recent call last):
  File "D:\Synced folder 2\tradex_opinionTrading\codes_2\main_strategy_run.py", line 114, in <module>
    strat_obj_dict[i].initialise()
  File "D:\Synced folder 2\tradex_opinionTrading\codes_2\strat7.py", line 493, in initialise
    self._get_situation()
  File "D:\Synced folder 2\tradex_opinionTrading\codes_2\strat7.py", line 266, in _get_situation
    diff_fair_best_y = self.yes_fair_price - self.priceatri.yes_best_price
TypeError: unsupported operand type(s) for -: 'float' and 'NoneType'
ERROR:__main__:2022-11-24 15:30:32,184:unsupported operand type(s) for -: 'float' and 'NoneType'
Traceback (most recent call last):
  File "D:\Synced folder 2\tradex_opinionTrading\codes_2\main_strategy_run.py", line 127, in <module>
    strat_obj_dict[j].update()
  File "D:\Synced folder 2\tradex_opinionTrading\codes_2\strat7.py", line 509, in update
    self._get_situation()
  File "D:\Synced folder 2\tradex_opinionTrading\codes_2\strat7.py", line 266, in _get_situation
    diff_fair_best_y = self.yes_fair_price - self.priceatri.yes_best_price
TypeError: unsupported operand type(s) for -: 'float' and 'NoneType'
ERROR:__main__:2022-11-24 15:30:43,114:unsupported operand type(s) for -: 'float' and 'NoneType'
Traceback (most recent call last):
  File "D:\Synced folder 2\tradex_opinionTrading\codes_2\main_strategy_run.py", line 127, in <module>
    strat_obj_dict[j].update()
  File "D:\Synced folder 2\tradex_opinionTrading\codes_2\strat7.py", line 509, in update
    self._get_situation()
  File "D:\Synced folder 2\tradex_opinionTrading\codes_2\strat7.py", line 266, in _get_situation
    diff_fair_best_y = self.yes_fair_price - self.priceatri.yes_best_price
TypeError: unsupported operand type(s) for -: 'float' and 'NoneType'
ERROR:__main__:2022-11-24 15:30:54,039:unsupported operand type(s) for -: 'float' and 'NoneType'
Traceback (most recent call last):
  File "D:\Synced folder 2\tradex_opinionTrading\codes_2\main_strategy_run.py", line 127, in <module>
    strat_obj_dict[j].update()
  File "D:\Synced folder 2\tradex_opinionTrading\codes_2\strat7.py", line 509, in update
    self._get_situation()
  File "D:\Synced folder 2\tradex_opinionTrading\codes_2\strat7.py", line 267, in _get_situation
    diff_fair_best_n = (99 - self.yes_fair_price) - self.priceatri.no_best_price
TypeError: unsupported operand type(s) for -: 'float' and 'NoneType'
ERROR:__main__:2022-11-24 15:31:04,982:unsupported operand type(s) for -: 'float' and 'NoneType'
Traceback (most recent call last):
  File "D:\Synced folder 2\tradex_opinionTrading\codes_2\main_strategy_run.py", line 127, in <module>
    strat_obj_dict[j].update()
  File "D:\Synced folder 2\tradex_opinionTrading\codes_2\strat7.py", line 509, in update
    self._get_situation()
  File "D:\Synced folder 2\tradex_opinionTrading\codes_2\strat7.py", line 266, in _get_situation
    diff_fair_best_y = self.yes_fair_price - self.priceatri.yes_best_price
TypeError: unsupported operand type(s) for -: 'float' and 'NoneType'
ERROR:__main__:2022-11-24 15:32:15,984:unsupported operand type(s) for -: 'float' and 'NoneType'
Traceback (most recent call last):
  File "D:\Synced folder 2\tradex_opinionTrading\codes_2\main_strategy_run.py", line 127, in <module>
    strat_obj_dict[j].update()
  File "D:\Synced folder 2\tradex_opinionTrading\codes_2\strat7.py", line 509, in update
    self._get_situation()
  File "D:\Synced folder 2\tradex_opinionTrading\codes_2\strat7.py", line 266, in _get_situation
    diff_fair_best_y = self.yes_fair_price - self.priceatri.yes_best_price
TypeError: unsupported operand type(s) for -: 'float' and 'NoneType'
ERROR:__main__:2022-11-24 15:32:26,907:unsupported operand type(s) for -: 'float' and 'NoneType'
Traceback (most recent call last):
  File "D:\Synced folder 2\tradex_opinionTrading\codes_2\main_strategy_run.py", line 127, in <module>
    strat_obj_dict[j].update()
  File "D:\Synced folder 2\tradex_opinionTrading\codes_2\strat7.py", line 509, in update
    self._get_situation()
  File "D:\Synced folder 2\tradex_opinionTrading\codes_2\strat7.py", line 266, in _get_situation
    diff_fair_best_y = self.yes_fair_price - self.priceatri.yes_best_price
TypeError: unsupported operand type(s) for -: 'float' and 'NoneType'
ERROR:__main__:2022-11-24 15:32:37,816:unsupported operand type(s) for -: 'float' and 'NoneType'
Traceback (most recent call last):
  File "D:\Synced folder 2\tradex_opinionTrading\codes_2\main_strategy_run.py", line 127, in <module>
    strat_obj_dict[j].update()
  File "D:\Synced folder 2\tradex_opinionTrading\codes_2\strat7.py", line 509, in update
    self._get_situation()
  File "D:\Synced folder 2\tradex_opinionTrading\codes_2\strat7.py", line 267, in _get_situation
    diff_fair_best_n = (99 - self.yes_fair_price) - self.priceatri.no_best_price
TypeError: unsupported operand type(s) for -: 'float' and 'NoneType'
ERROR:__main__:2022-11-24 15:32:48,753:unsupported operand type(s) for -: 'float' and 'NoneType'
Traceback (most recent call last):
  File "D:\Synced folder 2\tradex_opinionTrading\codes_2\main_strategy_run.py", line 127, in <module>
    strat_obj_dict[j].update()
  File "D:\Synced folder 2\tradex_opinionTrading\codes_2\strat7.py", line 509, in update
    self._get_situation()
  File "D:\Synced folder 2\tradex_opinionTrading\codes_2\strat7.py", line 266, in _get_situation
    diff_fair_best_y = self.yes_fair_price - self.priceatri.yes_best_price
TypeError: unsupported operand type(s) for -: 'float' and 'NoneType'
ERROR:__main__:2022-11-24 15:34:00,432:unsupported operand type(s) for -: 'float' and 'NoneType'
Traceback (most recent call last):
  File "D:\Synced folder 2\tradex_opinionTrading\codes_2\main_strategy_run.py", line 127, in <module>
    strat_obj_dict[j].update()
  File "D:\Synced folder 2\tradex_opinionTrading\codes_2\strat7.py", line 509, in update
    self._get_situation()
  File "D:\Synced folder 2\tradex_opinionTrading\codes_2\strat7.py", line 266, in _get_situation
    diff_fair_best_y = self.yes_fair_price - self.priceatri.yes_best_price
TypeError: unsupported operand type(s) for -: 'float' and 'NoneType'
ERROR:__main__:2022-11-24 15:37:32,410:unsupported operand type(s) for -: 'float' and 'NoneType'
Traceback (most recent call last):
  File "D:\Synced folder 2\tradex_opinionTrading\codes_2\main_strategy_run.py", line 127, in <module>
    strat_obj_dict[j].update()
  File "D:\Synced folder 2\tradex_opinionTrading\codes_2\strat7.py", line 509, in update
    self._get_situation()
  File "D:\Synced folder 2\tradex_opinionTrading\codes_2\strat7.py", line 266, in _get_situation
    diff_fair_best_y = self.yes_fair_price - self.priceatri.yes_best_price
TypeError: unsupported operand type(s) for -: 'float' and 'NoneType'
ERROR:__main__:2022-11-24 15:38:43,489:unsupported operand type(s) for -: 'float' and 'NoneType'
Traceback (most recent call last):
  File "D:\Synced folder 2\tradex_opinionTrading\codes_2\main_strategy_run.py", line 127, in <module>
    strat_obj_dict[j].update()
  File "D:\Synced folder 2\tradex_opinionTrading\codes_2\strat7.py", line 509, in update
    self._get_situation()
  File "D:\Synced folder 2\tradex_opinionTrading\codes_2\strat7.py", line 266, in _get_situation
    diff_fair_best_y = self.yes_fair_price - self.priceatri.yes_best_price
TypeError: unsupported operand type(s) for -: 'float' and 'NoneType'
ERROR:__main__:2022-11-24 15:42:44,975:unsupported operand type(s) for -: 'float' and 'NoneType'
Traceback (most recent call last):
  File "D:\Synced folder 2\tradex_opinionTrading\codes_2\main_strategy_run.py", line 127, in <module>
    strat_obj_dict[j].update()
  File "D:\Synced folder 2\tradex_opinionTrading\codes_2\strat7.py", line 509, in update
    self._get_situation()
  File "D:\Synced folder 2\tradex_opinionTrading\codes_2\strat7.py", line 266, in _get_situation
    diff_fair_best_y = self.yes_fair_price - self.priceatri.yes_best_price
TypeError: unsupported operand type(s) for -: 'float' and 'NoneType'
ERROR:__main__:2022-11-24 15:43:56,098:unsupported operand type(s) for -: 'float' and 'NoneType'
Traceback (most recent call last):
  File "D:\Synced folder 2\tradex_opinionTrading\codes_2\main_strategy_run.py", line 127, in <module>
    strat_obj_dict[j].update()
  File "D:\Synced folder 2\tradex_opinionTrading\codes_2\strat7.py", line 509, in update
    self._get_situation()
  File "D:\Synced folder 2\tradex_opinionTrading\codes_2\strat7.py", line 266, in _get_situation
    diff_fair_best_y = self.yes_fair_price - self.priceatri.yes_best_price
TypeError: unsupported operand type(s) for -: 'float' and 'NoneType'
ERROR:__main__:2022-11-24 15:51:03,594:unsupported operand type(s) for -: 'float' and 'NoneType'
Traceback (most recent call last):
  File "D:\Synced folder 2\tradex_opinionTrading\codes_2\main_strategy_run.py", line 127, in <module>
    strat_obj_dict[j].update()
  File "D:\Synced folder 2\tradex_opinionTrading\codes_2\strat7.py", line 509, in update
    self._get_situation()
  File "D:\Synced folder 2\tradex_opinionTrading\codes_2\strat7.py", line 266, in _get_situation
    diff_fair_best_y = self.yes_fair_price - self.priceatri.yes_best_price
TypeError: unsupported operand type(s) for -: 'float' and 'NoneType'
ERROR:__main__:2022-11-24 15:57:44,705:unsupported operand type(s) for -: 'float' and 'NoneType'
Traceback (most recent call last):
  File "D:\Synced folder 2\tradex_opinionTrading\codes_2\main_strategy_run.py", line 127, in <module>
    strat_obj_dict[j].update()
  File "D:\Synced folder 2\tradex_opinionTrading\codes_2\strat7.py", line 509, in update
    self._get_situation()
  File "D:\Synced folder 2\tradex_opinionTrading\codes_2\strat7.py", line 266, in _get_situation
    diff_fair_best_y = self.yes_fair_price - self.priceatri.yes_best_price
TypeError: unsupported operand type(s) for -: 'float' and 'NoneType'
ERROR:__main__:2022-11-24 16:04:46,391:unsupported operand type(s) for -: 'float' and 'NoneType'
Traceback (most recent call last):
  File "D:\Synced folder 2\tradex_opinionTrading\codes_2\main_strategy_run.py", line 127, in <module>
    strat_obj_dict[j].update()
  File "D:\Synced folder 2\tradex_opinionTrading\codes_2\strat7.py", line 509, in update
    self._get_situation()
  File "D:\Synced folder 2\tradex_opinionTrading\codes_2\strat7.py", line 266, in _get_situation
    diff_fair_best_y = self.yes_fair_price - self.priceatri.yes_best_price
TypeError: unsupported operand type(s) for -: 'float' and 'NoneType'
ERROR:__main__:2022-11-24 16:11:27,144:unsupported operand type(s) for -: 'float' and 'NoneType'
Traceback (most recent call last):
  File "D:\Synced folder 2\tradex_opinionTrading\codes_2\main_strategy_run.py", line 127, in <module>
    strat_obj_dict[j].update()
  File "D:\Synced folder 2\tradex_opinionTrading\codes_2\strat7.py", line 509, in update
    self._get_situation()
  File "D:\Synced folder 2\tradex_opinionTrading\codes_2\strat7.py", line 266, in _get_situation
    diff_fair_best_y = self.yes_fair_price - self.priceatri.yes_best_price
TypeError: unsupported operand type(s) for -: 'float' and 'NoneType'
ERROR:__main__:2022-11-24 16:18:09,600:unsupported operand type(s) for -: 'float' and 'NoneType'
Traceback (most recent call last):
  File "D:\Synced folder 2\tradex_opinionTrading\codes_2\main_strategy_run.py", line 127, in <module>
    strat_obj_dict[j].update()
  File "D:\Synced folder 2\tradex_opinionTrading\codes_2\strat7.py", line 509, in update
    self._get_situation()
  File "D:\Synced folder 2\tradex_opinionTrading\codes_2\strat7.py", line 266, in _get_situation
    diff_fair_best_y = self.yes_fair_price - self.priceatri.yes_best_price
TypeError: unsupported operand type(s) for -: 'float' and 'NoneType'
ERROR:__main__:2022-11-24 16:25:24,585:unsupported operand type(s) for -: 'float' and 'NoneType'
Traceback (most recent call last):
  File "D:\Synced folder 2\tradex_opinionTrading\codes_2\main_strategy_run.py", line 127, in <module>
    strat_obj_dict[j].update()
  File "D:\Synced folder 2\tradex_opinionTrading\codes_2\strat7.py", line 509, in update
    self._get_situation()
  File "D:\Synced folder 2\tradex_opinionTrading\codes_2\strat7.py", line 266, in _get_situation
    diff_fair_best_y = self.yes_fair_price - self.priceatri.yes_best_price
TypeError: unsupported operand type(s) for -: 'float' and 'NoneType'
ERROR:__main__:2022-11-24 16:32:15,447:unsupported operand type(s) for -: 'float' and 'NoneType'
Traceback (most recent call last):
  File "D:\Synced folder 2\tradex_opinionTrading\codes_2\main_strategy_run.py", line 127, in <module>
    strat_obj_dict[j].update()
  File "D:\Synced folder 2\tradex_opinionTrading\codes_2\strat7.py", line 509, in update
    self._get_situation()
  File "D:\Synced folder 2\tradex_opinionTrading\codes_2\strat7.py", line 266, in _get_situation
    diff_fair_best_y = self.yes_fair_price - self.priceatri.yes_best_price
TypeError: unsupported operand type(s) for -: 'float' and 'NoneType'
ERROR:__main__:2022-11-24 16:40:15,807:unsupported operand type(s) for -: 'float' and 'NoneType'
Traceback (most recent call last):
  File "D:\Synced folder 2\tradex_opinionTrading\codes_2\main_strategy_run.py", line 127, in <module>
    strat_obj_dict[j].update()
  File "D:\Synced folder 2\tradex_opinionTrading\codes_2\strat7.py", line 509, in update
    self._get_situation()
  File "D:\Synced folder 2\tradex_opinionTrading\codes_2\strat7.py", line 266, in _get_situation
    diff_fair_best_y = self.yes_fair_price - self.priceatri.yes_best_price
TypeError: unsupported operand type(s) for -: 'float' and 'NoneType'
ERROR:__main__:2022-11-24 16:48:12,377:unsupported operand type(s) for -: 'float' and 'NoneType'
Traceback (most recent call last):
  File "D:\Synced folder 2\tradex_opinionTrading\codes_2\main_strategy_run.py", line 127, in <module>
    strat_obj_dict[j].update()
  File "D:\Synced folder 2\tradex_opinionTrading\codes_2\strat7.py", line 509, in update
    self._get_situation()
  File "D:\Synced folder 2\tradex_opinionTrading\codes_2\strat7.py", line 266, in _get_situation
    diff_fair_best_y = self.yes_fair_price - self.priceatri.yes_best_price
TypeError: unsupported operand type(s) for -: 'float' and 'NoneType'
ERROR:__main__:2022-11-24 16:56:02,557:unsupported operand type(s) for -: 'float' and 'NoneType'
Traceback (most recent call last):
  File "D:\Synced folder 2\tradex_opinionTrading\codes_2\main_strategy_run.py", line 127, in <module>
    strat_obj_dict[j].update()
  File "D:\Synced folder 2\tradex_opinionTrading\codes_2\strat7.py", line 509, in update
    self._get_situation()
  File "D:\Synced folder 2\tradex_opinionTrading\codes_2\strat7.py", line 266, in _get_situation
    diff_fair_best_y = self.yes_fair_price - self.priceatri.yes_best_price
TypeError: unsupported operand type(s) for -: 'float' and 'NoneType'
ERROR:__main__:2022-11-24 17:03:28,929:unsupported operand type(s) for -: 'float' and 'NoneType'
Traceback (most recent call last):
  File "D:\Synced folder 2\tradex_opinionTrading\codes_2\main_strategy_run.py", line 127, in <module>
    strat_obj_dict[j].update()
  File "D:\Synced folder 2\tradex_opinionTrading\codes_2\strat7.py", line 509, in update
    self._get_situation()
  File "D:\Synced folder 2\tradex_opinionTrading\codes_2\strat7.py", line 266, in _get_situation
    diff_fair_best_y = self.yes_fair_price - self.priceatri.yes_best_price
TypeError: unsupported operand type(s) for -: 'float' and 'NoneType'
ERROR:__main__:2022-11-24 18:37:51,764:single positional indexer is out-of-bounds
Traceback (most recent call last):
  File "D:\Synced folder 2\tradex_opinionTrading\codes_2\main_strategy_run.py", line 127, in <module>
    strat_obj_dict[j].update()
  File "D:\Synced folder 2\tradex_opinionTrading\codes_2\strat7.py", line 513, in update
    self._keep_a_check()
  File "D:\Synced folder 2\tradex_opinionTrading\codes_2\strat7.py", line 475, in _keep_a_check
    self.__scalp_side("N", trigger, pausebuy=False)
  File "D:\Synced folder 2\tradex_opinionTrading\codes_2\strat7.py", line 222, in __scalp_side
    if (temp_qty > 0) and (temp_price <= 90) and (not self.order.is_same_order("N", temp_price, temp_qty, "buy")) and (not self._is_myorder_best("N")):
  File "D:\Synced folder 2\tradex_opinionTrading\codes_2\strat7.py", line 295, in _is_myorder_best
    best_price = self.priceatri.no_pending_orders["price"].iloc[0]
  File "D:\Synced folder 2\tradex_opinionTrading\codes_2\venv\lib\site-packages\pandas\core\indexing.py", line 967, in __getitem__
    return self._getitem_axis(maybe_callable, axis=axis)
  File "D:\Synced folder 2\tradex_opinionTrading\codes_2\venv\lib\site-packages\pandas\core\indexing.py", line 1523, in _getitem_axis
    self._validate_integer(key, axis)
  File "D:\Synced folder 2\tradex_opinionTrading\codes_2\venv\lib\site-packages\pandas\core\indexing.py", line 1455, in _validate_integer
    raise IndexError("single positional indexer is out-of-bounds")
IndexError: single positional indexer is out-of-bounds
ERROR:__main__:2022-11-24 22:15:25,953:('Connection aborted.', RemoteDisconnected('Remote end closed connection without response'))
Traceback (most recent call last):
  File "D:\Synced folder 2\tradex_opinionTrading\codes_2\venv\lib\site-packages\urllib3\connectionpool.py", line 703, in urlopen
    httplib_response = self._make_request(
  File "D:\Synced folder 2\tradex_opinionTrading\codes_2\venv\lib\site-packages\urllib3\connectionpool.py", line 449, in _make_request
    six.raise_from(e, None)
  File "<string>", line 3, in raise_from
  File "D:\Synced folder 2\tradex_opinionTrading\codes_2\venv\lib\site-packages\urllib3\connectionpool.py", line 444, in _make_request
    httplib_response = conn.getresponse()
  File "C:\Users\aniru\AppData\Local\Programs\Python\Python310\lib\http\client.py", line 1374, in getresponse
    response.begin()
  File "C:\Users\aniru\AppData\Local\Programs\Python\Python310\lib\http\client.py", line 318, in begin
    version, status, reason = self._read_status()
  File "C:\Users\aniru\AppData\Local\Programs\Python\Python310\lib\http\client.py", line 287, in _read_status
    raise RemoteDisconnected("Remote end closed connection without"
http.client.RemoteDisconnected: Remote end closed connection without response

During handling of the above exception, another exception occurred:

Traceback (most recent call last):
  File "D:\Synced folder 2\tradex_opinionTrading\codes_2\venv\lib\site-packages\requests\adapters.py", line 489, in send
    resp = conn.urlopen(
  File "D:\Synced folder 2\tradex_opinionTrading\codes_2\venv\lib\site-packages\urllib3\connectionpool.py", line 787, in urlopen
    retries = retries.increment(
  File "D:\Synced folder 2\tradex_opinionTrading\codes_2\venv\lib\site-packages\urllib3\util\retry.py", line 550, in increment
    raise six.reraise(type(error), error, _stacktrace)
  File "D:\Synced folder 2\tradex_opinionTrading\codes_2\venv\lib\site-packages\urllib3\packages\six.py", line 769, in reraise
    raise value.with_traceback(tb)
  File "D:\Synced folder 2\tradex_opinionTrading\codes_2\venv\lib\site-packages\urllib3\connectionpool.py", line 703, in urlopen
    httplib_response = self._make_request(
  File "D:\Synced folder 2\tradex_opinionTrading\codes_2\venv\lib\site-packages\urllib3\connectionpool.py", line 449, in _make_request
    six.raise_from(e, None)
  File "<string>", line 3, in raise_from
  File "D:\Synced folder 2\tradex_opinionTrading\codes_2\venv\lib\site-packages\urllib3\connectionpool.py", line 444, in _make_request
    httplib_response = conn.getresponse()
  File "C:\Users\aniru\AppData\Local\Programs\Python\Python310\lib\http\client.py", line 1374, in getresponse
    response.begin()
  File "C:\Users\aniru\AppData\Local\Programs\Python\Python310\lib\http\client.py", line 318, in begin
    version, status, reason = self._read_status()
  File "C:\Users\aniru\AppData\Local\Programs\Python\Python310\lib\http\client.py", line 287, in _read_status
    raise RemoteDisconnected("Remote end closed connection without"
urllib3.exceptions.ProtocolError: ('Connection aborted.', RemoteDisconnected('Remote end closed connection without response'))

During handling of the above exception, another exception occurred:

Traceback (most recent call last):
  File "D:\Synced folder 2\tradex_opinionTrading\codes_2\main_strategy_run.py", line 127, in <module>
    strat_obj_dict[j].update()
  File "D:\Synced folder 2\tradex_opinionTrading\codes_2\strat7.py", line 507, in update
    self.__set_fair_price()
  File "D:\Synced folder 2\tradex_opinionTrading\codes_2\strat7.py", line 97, in __set_fair_price
    self.spot_cmp = int(float(self.binance_obj.get_current_price(symbol="BTCUSDT")["price"]))
  File "D:\Synced folder 2\tradex_opinionTrading\codes_2\binance_data.py", line 11, in get_current_price
    price = self.client.get_avg_price(symbol=symbol)
  File "D:\Synced folder 2\tradex_opinionTrading\codes_2\venv\lib\site-packages\binance\client.py", line 1132, in get_avg_price
    return self._get('avgPrice', data=params, version=self.PRIVATE_API_VERSION)
  File "D:\Synced folder 2\tradex_opinionTrading\codes_2\venv\lib\site-packages\binance\client.py", line 371, in _get
    return self._request_api('get', path, signed, version, **kwargs)
  File "D:\Synced folder 2\tradex_opinionTrading\codes_2\venv\lib\site-packages\binance\client.py", line 334, in _request_api
    return self._request(method, uri, signed, **kwargs)
  File "D:\Synced folder 2\tradex_opinionTrading\codes_2\venv\lib\site-packages\binance\client.py", line 314, in _request
    self.response = getattr(self.session, method)(uri, **kwargs)
  File "D:\Synced folder 2\tradex_opinionTrading\codes_2\venv\lib\site-packages\requests\sessions.py", line 600, in get
    return self.request("GET", url, **kwargs)
  File "D:\Synced folder 2\tradex_opinionTrading\codes_2\venv\lib\site-packages\requests\sessions.py", line 587, in request
    resp = self.send(prep, **send_kwargs)
  File "D:\Synced folder 2\tradex_opinionTrading\codes_2\venv\lib\site-packages\requests\sessions.py", line 701, in send
    r = adapter.send(request, **kwargs)
  File "D:\Synced folder 2\tradex_opinionTrading\codes_2\venv\lib\site-packages\requests\adapters.py", line 547, in send
    raise ConnectionError(err, request=request)
requests.exceptions.ConnectionError: ('Connection aborted.', RemoteDisconnected('Remote end closed connection without response'))
